app/build/intermediates/manifest_merge_blame_file/debug/manifest-merger-blame-debug-report.txt
1<?xml version="1.0" encoding="utf-8"?>
2<manifest xmlns:android="http://schemas.android.com/apk/res/android"
3    package="com.example.sourcecode_choichihong"
4    android:versionCode="1"
5    android:versionName="1.0" >
6
7    <uses-sdk
8        android:minSdkVersion="21"
8-->src\main\AndroidManifest.xml
9        android:targetSdkVersion="29" />
9-->src\main\AndroidManifest.xml
10
11    <uses-permission android:name="android.permission.INTERNET" />
11-->src\main\AndroidManifest.xml:5:5-67
11-->src\main\AndroidManifest.xml:5:22-64
12    <uses-permission android:name="android.permission.WRITE_EXTERNAL_STORAGE" />
12-->src\main\AndroidManifest.xml:6:5-81
12-->src\main\AndroidManifest.xml:6:22-78
13    <uses-permission android:name="android.permission.READ_EXTERNAL_STORAGE" />
13-->src\main\AndroidManifest.xml:7:5-80
13-->src\main\AndroidManifest.xml:7:22-77
14    <uses-permission android:name="android.permission.ACCESS_NETWORK_STATE" />
14-->src\main\AndroidManifest.xml:8:5-79
14-->src\main\AndroidManifest.xml:8:22-76
15    <uses-permission android:name="android.permission.READ_MEDIA_VIDEO" />
15-->src\main\AndroidManifest.xml:9:5-75
15-->src\main\AndroidManifest.xml:9:22-72
16    <uses-permission android:name="android.permission.READ_MEDIA_IMAGES" />
16-->src\main\AndroidManifest.xml:10:5-76
16-->src\main\AndroidManifest.xml:10:22-73
17
18    <uses-feature
18-->src\main\AndroidManifest.xml:12:5-14:35
19        android:name="android.hardware.camera"
19-->src\main\AndroidManifest.xml:13:9-47
20        android:required="true" />
20-->src\main\AndroidManifest.xml:14:9-32
21
22    <queries>
22-->[androidx.media:media:1.3.1] AndroidManifest.xml:24:5-28:15
23        <intent>
23-->[androidx.media:media:1.3.1] AndroidManifest.xml:25:9-27:18
24            <action android:name="android.media.browse.MediaBrowserService" />
24-->[androidx.media:media:1.3.1] AndroidManifest.xml:26:13-79
24-->[androidx.media:media:1.3.1] AndroidManifest.xml:26:21-76
25        </intent>
26    </queries>
27
28    <application
28-->src\main\AndroidManifest.xml:16:5-43:19
29        android:name="com.example.sourcecode_choichihong.globalVal"
29-->src\main\AndroidManifest.xml:17:9-34
30        android:allowBackup="true"
30-->src\main\AndroidManifest.xml:18:9-35
31        android:appComponentFactory="androidx.core.app.CoreComponentFactory"
31-->[androidx.core:core:1.3.2] AndroidManifest.xml:24:18-86
32        android:debuggable="true"
33        android:icon="@mipmap/ic_launcher"
33-->src\main\AndroidManifest.xml:19:9-43
34        android:label="SmartHome Gesture Control Application"
34-->src\main\AndroidManifest.xml:20:9-62
35        android:roundIcon="@mipmap/ic_launcher_round"
35-->src\main\AndroidManifest.xml:21:9-54
36        android:supportsRtl="true"
36-->src\main\AndroidManifest.xml:22:9-35
37        android:testOnly="true"
38        android:theme="@style/Theme.SourceCode_ChoiChiHong"
38-->src\main\AndroidManifest.xml:23:9-60
39        android:usesCleartextTraffic="true" >
39-->src\main\AndroidManifest.xml:24:9-44
40        <activity
40-->src\main\AndroidManifest.xml:25:9-27:39
41            android:name="com.example.sourcecode_choichihong.ReplayPracticeVideoActivity"
41-->src\main\AndroidManifest.xml:26:13-56
42            android:exported="true" />
42-->src\main\AndroidManifest.xml:27:13-36
43        <activity
43-->src\main\AndroidManifest.xml:28:9-30:39
44            android:name="com.example.sourcecode_choichihong.PracticeGestureActivity"
44-->src\main\AndroidManifest.xml:29:13-52
45            android:exported="true" />
45-->src\main\AndroidManifest.xml:30:13-36
46        <activity
46-->src\main\AndroidManifest.xml:31:9-33:39
47            android:name="com.example.sourcecode_choichihong.GestureExpertVideoPlayerActivity"
47-->src\main\AndroidManifest.xml:32:13-61
48            android:exported="true" />
48-->src\main\AndroidManifest.xml:33:13-36
49        <activity
49-->src\main\AndroidManifest.xml:34:9-42:20
50            android:name="com.example.sourcecode_choichihong.MainActivity"
50-->src\main\AndroidManifest.xml:35:13-41
51            android:exported="true" >
51-->src\main\AndroidManifest.xml:36:13-36
52            <intent-filter>
52-->src\main\AndroidManifest.xml:37:13-41:29
53                <action android:name="android.intent.action.MAIN" />
53-->src\main\AndroidManifest.xml:38:17-69
53-->src\main\AndroidManifest.xml:38:25-66
54
55                <category android:name="android.intent.category.LAUNCHER" />
55-->src\main\AndroidManifest.xml:40:17-77
55-->src\main\AndroidManifest.xml:40:27-74
56            </intent-filter>
57        </activity>
58    </application>
59
60</manifest>